2023-11-01T17:32:40.345+08:00  INFO 91620 --- [main] c.o.s.SecurityLayerJwtApplicationTests   : Starting SecurityLayerJwtApplicationTests using Java 17.0.7 with PID 91620 (started by jianfengzhao in /Users/jianfengzhao/Sourcecode/java/Spring-Security6-Jwt)
2023-11-01T17:32:40.348+08:00  INFO 91620 --- [main] c.o.s.SecurityLayerJwtApplicationTests   : No active profile set, falling back to 1 default profile: "default"
2023-11-01T17:32:41.465+08:00  INFO 91620 --- [main] .s.d.r.c.RepositoryConfigurationDelegate : Bootstrapping Spring Data JPA repositories in DEFAULT mode.
2023-11-01T17:32:41.543+08:00  INFO 91620 --- [main] .s.d.r.c.RepositoryConfigurationDelegate : Finished Spring Data repository scanning in 71 ms. Found 2 JPA repository interfaces.
2023-11-01T17:32:42.527+08:00  INFO 91620 --- [main] o.hibernate.jpa.internal.util.LogHelper  : HHH000204: Processing PersistenceUnitInfo [name: default]
2023-11-01T17:32:42.567+08:00  INFO 91620 --- [main] org.hibernate.Version                    : HHH000412: Hibernate ORM core version 6.1.6.Final
2023-11-01T17:32:42.706+08:00  WARN 91620 --- [main] org.hibernate.orm.deprecation            : HHH90000021: Encountered deprecated setting [javax.persistence.sharedCache.mode], use [jakarta.persistence.sharedCache.mode] instead
2023-11-01T17:32:42.814+08:00  INFO 91620 --- [main] com.zaxxer.hikari.HikariDataSource       : HikariPool-1 - Starting...
2023-11-01T17:32:43.076+08:00  INFO 91620 --- [main] com.zaxxer.hikari.pool.HikariPool        : HikariPool-1 - Added connection com.mysql.cj.jdbc.ConnectionImpl@7ac5b4c
2023-11-01T17:32:43.078+08:00  INFO 91620 --- [main] com.zaxxer.hikari.HikariDataSource       : HikariPool-1 - Start completed.
2023-11-01T17:32:43.145+08:00  INFO 91620 --- [main] SQL dialect                              : HHH000400: Using dialect: org.hibernate.dialect.MySQL5Dialect
2023-11-01T17:32:43.149+08:00  WARN 91620 --- [main] org.hibernate.orm.deprecation            : HHH90000026: MySQL5Dialect has been deprecated; use org.hibernate.dialect.MySQLDialect instead
2023-11-01T17:32:44.235+08:00  INFO 91620 --- [main] o.h.e.t.j.p.i.JtaPlatformInitiator       : HHH000490: Using JtaPlatform implementation: [org.hibernate.engine.transaction.jta.platform.internal.NoJtaPlatform]
2023-11-01T17:32:44.245+08:00  INFO 91620 --- [main] j.LocalContainerEntityManagerFactoryBean : Initialized JPA EntityManagerFactory for persistence unit 'default'
2023-11-01T17:32:44.941+08:00  WARN 91620 --- [main] JpaBaseConfiguration$JpaWebConfiguration : spring.jpa.open-in-view is enabled by default. Therefore, database queries may be performed during view rendering. Explicitly configure spring.jpa.open-in-view to disable this warning
2023-11-01T17:32:45.280+08:00  INFO 91620 --- [main] o.s.s.web.DefaultSecurityFilterChain     : Will secure any request with [org.springframework.security.web.session.DisableEncodeUrlFilter@445f6f73, org.springframework.security.web.context.request.async.WebAsyncManagerIntegrationFilter@27f31d91, org.springframework.security.web.context.SecurityContextHolderFilter@792b9dd3, org.springframework.security.web.header.HeaderWriterFilter@34001c5d, org.springframework.security.web.authentication.logout.LogoutFilter@7d7f966f, com.ons.securejwt.security.JwtAuthenticationFilter@51fa09c7, org.springframework.security.web.savedrequest.RequestCacheAwareFilter@31f9f9b3, org.springframework.security.web.servletapi.SecurityContextHolderAwareRequestFilter@41948c13, org.springframework.security.web.authentication.AnonymousAuthenticationFilter@6b03c35c, org.springframework.security.web.session.SessionManagementFilter@10bcbbce, org.springframework.security.web.access.ExceptionTranslationFilter@637c8632, org.springframework.security.web.access.intercept.AuthorizationFilter@4965454c]
2023-11-01T17:32:45.694+08:00  INFO 91620 --- [main] c.o.s.SecurityLayerJwtApplicationTests   : Started SecurityLayerJwtApplicationTests in 5.872 seconds (process running for 7.132)
2023-11-01T17:32:47.054+08:00  INFO 91620 --- [SpringApplicationShutdownHook] j.LocalContainerEntityManagerFactoryBean : Closing JPA EntityManagerFactory for persistence unit 'default'
2023-11-01T17:32:47.056+08:00  INFO 91620 --- [SpringApplicationShutdownHook] .SchemaDropperImpl$DelayedDropActionImpl : HHH000477: Starting delayed evictData of schema as part of SessionFactory shut-down'
2023-11-01T17:32:47.134+08:00  INFO 91620 --- [SpringApplicationShutdownHook] com.zaxxer.hikari.HikariDataSource       : HikariPool-1 - Shutdown initiated...
2023-11-01T17:32:47.146+08:00  INFO 91620 --- [SpringApplicationShutdownHook] com.zaxxer.hikari.HikariDataSource       : HikariPool-1 - Shutdown completed.
2023-11-01T17:32:49.237+08:00  INFO 91641 --- [main] c.o.s.SecurityLayerJwtApplication        : Starting SecurityLayerJwtApplication using Java 17.0.7 with PID 91641 (/Users/jianfengzhao/Sourcecode/java/Spring-Security6-Jwt/target/classes started by jianfengzhao in /Users/jianfengzhao/Sourcecode/java/Spring-Security6-Jwt)
2023-11-01T17:32:49.240+08:00  INFO 91641 --- [main] c.o.s.SecurityLayerJwtApplication        : No active profile set, falling back to 1 default profile: "default"
2023-11-01T17:32:50.445+08:00  INFO 91641 --- [main] .s.d.r.c.RepositoryConfigurationDelegate : Bootstrapping Spring Data JPA repositories in DEFAULT mode.
2023-11-01T17:32:50.552+08:00  INFO 91641 --- [main] .s.d.r.c.RepositoryConfigurationDelegate : Finished Spring Data repository scanning in 96 ms. Found 2 JPA repository interfaces.
